c:\users\rokar\desktop\comcalen\projektproi\comcalen\x64\debug\companydatabase.obj
c:\users\rokar\desktop\comcalen\projektproi\comcalen\x64\debug\comcalen.obj
c:\users\rokar\desktop\comcalen\projektproi\comcalen\x64\debug\employee.obj
c:\users\rokar\desktop\comcalen\projektproi\comcalen\x64\debug\employeewelcome.obj
c:\users\rokar\desktop\comcalen\projektproi\comcalen\x64\debug\crewmember.obj
c:\users\rokar\desktop\comcalen\projektproi\comcalen\x64\debug\company.obj
c:\users\rokar\desktop\comcalen\projektproi\comcalen\x64\debug\employerwelcome.obj
c:\users\rokar\desktop\comcalen\projektproi\comcalen\x64\debug\employer.obj
c:\users\rokar\desktop\comcalen\projektproi\comcalen\x64\debug\main.obj
c:\users\rokar\desktop\comcalen\projektproi\comcalen\x64\debug\vc142.pdb
c:\users\rokar\desktop\comcalen\projektproi\comcalen\x64\debug\moc_employeewelcome.obj
c:\users\rokar\desktop\comcalen\projektproi\comcalen\x64\debug\moc_employerwelcome.obj
c:\users\rokar\desktop\comcalen\projektproi\comcalen\x64\debug\moc_comcalen.obj
c:\users\rokar\desktop\comcalen\projektproi\comcalen\x64\debug\qrc_comcalen.obj
c:\users\rokar\desktop\comcalen\projektproi\comcalen\x64\debug\uic\ui_employeewelcome.h
c:\users\rokar\desktop\comcalen\projektproi\comcalen\x64\debug\uic\ui_employerwelcome.h
c:\users\rokar\desktop\comcalen\projektproi\comcalen\x64\debug\rcc\qrc_comcalen.cpp
c:\users\rokar\desktop\comcalen\projektproi\comcalen\x64\debug\moc\moc_comcalen.cpp
c:\users\rokar\desktop\comcalen\projektproi\comcalen\x64\debug\moc\moc_employerwelcome.cpp
c:\users\rokar\desktop\comcalen\projektproi\comcalen\x64\debug\moc\moc_employeewelcome.cpp
c:\users\rokar\desktop\comcalen\projektproi\comcalen\x64\debug\uic\ui_comcalen.h
c:\users\rokar\desktop\comcalen\projektproi\x64\debug\comcalen.exe
c:\users\rokar\desktop\comcalen\projektproi\x64\debug\comcalen.ilk
c:\users\rokar\desktop\comcalen\projektproi\x64\debug\comcalen.pdb
c:\users\rokar\desktop\comcalen\projektproi\comcalen\x64\debug\\moc\moc_comcalen.cpp
c:\users\rokar\desktop\comcalen\projektproi\comcalen\x64\debug\\moc\moc_employerwelcome.cpp
c:\users\rokar\desktop\comcalen\projektproi\comcalen\x64\debug\\moc\moc_employeewelcome.cpp
c:\users\rokar\desktop\comcalen\projektproi\comcalen\x64\debug\\rcc\qrc_comcalen.cpp
c:\users\rokar\desktop\comcalen\projektproi\comcalen\x64\debug\\uic\ui_comcalen.h
c:\users\rokar\desktop\comcalen\projektproi\comcalen\x64\debug\\uic\ui_employeewelcome.h
c:\users\rokar\desktop\comcalen\projektproi\comcalen\x64\debug\\uic\ui_employerwelcome.h
c:\users\rokar\desktop\comcalen\projektproi\comcalen\x64\debug\comcalen.tlog\cl.command.1.tlog
c:\users\rokar\desktop\comcalen\projektproi\comcalen\x64\debug\comcalen.tlog\cl.read.1.tlog
c:\users\rokar\desktop\comcalen\projektproi\comcalen\x64\debug\comcalen.tlog\cl.write.1.tlog
c:\users\rokar\desktop\comcalen\projektproi\comcalen\x64\debug\comcalen.tlog\comcalen.write.1u.tlog
c:\users\rokar\desktop\comcalen\projektproi\comcalen\x64\debug\comcalen.tlog\link.command.1.tlog
c:\users\rokar\desktop\comcalen\projektproi\comcalen\x64\debug\comcalen.tlog\link.read.1.tlog
c:\users\rokar\desktop\comcalen\projektproi\comcalen\x64\debug\comcalen.tlog\link.write.1.tlog
c:\users\rokar\desktop\comcalen\projektproi\comcalen\x64\debug\comcalen.tlog\moc.read.1u.tlog
c:\users\rokar\desktop\comcalen\projektproi\comcalen\x64\debug\comcalen.tlog\moc.write.1u.tlog
c:\users\rokar\desktop\comcalen\projektproi\comcalen\x64\debug\comcalen.tlog\rcc.read.1u.tlog
c:\users\rokar\desktop\comcalen\projektproi\comcalen\x64\debug\comcalen.tlog\rcc.write.1u.tlog
c:\users\rokar\desktop\comcalen\projektproi\comcalen\x64\debug\comcalen.tlog\uic.read.1u.tlog
c:\users\rokar\desktop\comcalen\projektproi\comcalen\x64\debug\comcalen.tlog\uic.write.1u.tlog
